[debug] [2021-04-26T02:37:55.695Z] ----------------------------------------------------------------------
[debug] [2021-04-26T02:37:55.700Z] Command:       C:\Program Files\nodejs\node.exe C:\Users\andre\AppData\Roaming\npm\node_modules\firebase-tools\lib\bin\firebase.js emulators:start
[debug] [2021-04-26T02:37:55.701Z] CLI Version:   9.10.0
[debug] [2021-04-26T02:37:55.701Z] Platform:      win32
[debug] [2021-04-26T02:37:55.701Z] Node Version:  v14.16.1
[debug] [2021-04-26T02:37:55.721Z] Time:          Sun Apr 25 2021 23:37:55 GMT-0300 (Horário Padrão de Brasília)
[debug] [2021-04-26T02:37:55.721Z] ----------------------------------------------------------------------
[debug] 
[debug] [2021-04-26T02:37:56.377Z] > command requires scopes: ["email","openid","https://www.googleapis.com/auth/cloudplatformprojects.readonly","https://www.googleapis.com/auth/firebase","https://www.googleapis.com/auth/cloud-platform"]
[debug] [2021-04-26T02:37:56.378Z] > authorizing via signed-in user (andresinho200498@gmail.com)
[info] i  emulators: Starting emulators: auth, database {"metadata":{"emulator":{"name":"hub"},"message":"Starting emulators: auth, database"}}
[debug] [2021-04-26T02:37:56.442Z] [hub] writing locator at C:\Users\andre\AppData\Local\Temp\hub-codelabs-5db0e.json
[debug] [2021-04-26T02:37:56.510Z] > refreshing access token with scopes: []
[debug] [2021-04-26T02:37:56.512Z] >>> HTTP REQUEST POST https://www.googleapis.com/oauth2/v3/token  
 <request body omitted>
[debug] [2021-04-26T02:37:56.708Z] <<< HTTP RESPONSE 200 {"date":"Mon, 26 Apr 2021 02:37:55 GMT","cache-control":"no-cache, no-store, max-age=0, must-revalidate","pragma":"no-cache","expires":"Mon, 01 Jan 1990 00:00:00 GMT","content-type":"application/json; charset=utf-8","vary":"X-Origin, Referer, Origin,Accept-Encoding","server":"scaffolding on HTTPServer2","x-xss-protection":"0","x-frame-options":"SAMEORIGIN","x-content-type-options":"nosniff","alt-svc":"h3-29=\":443\"; ma=2592000,h3-T051=\":443\"; ma=2592000,h3-Q050=\":443\"; ma=2592000,h3-Q046=\":443\"; ma=2592000,h3-Q043=\":443\"; ma=2592000,quic=\":443\"; ma=2592000; v=\"46,43\"","accept-ranges":"none","transfer-encoding":"chunked"}
[debug] [2021-04-26T02:37:56.736Z] >>> [apiv2][query] GET https://firebase.googleapis.com/v1beta1/projects/codelabs-5db0e [none]
[debug] [2021-04-26T02:37:57.149Z] <<< [apiv2][status] GET https://firebase.googleapis.com/v1beta1/projects/codelabs-5db0e 200
[debug] [2021-04-26T02:37:57.149Z] <<< [apiv2][body] GET https://firebase.googleapis.com/v1beta1/projects/codelabs-5db0e {"projectId":"codelabs-5db0e","projectNumber":"718775677251","displayName":"codelabsGoogle","name":"projects/codelabs-5db0e","resources":{"hostingSite":"codelabs-5db0e","realtimeDatabaseInstance":"codelabs-5db0e-default-rtdb","storageBucket":"codelabs-5db0e.appspot.com","locationId":"us-central"},"state":"ACTIVE"}
[debug] [2021-04-26T02:37:57.150Z] database rules config:  [{"instance":"codelabs-5db0e-default-rtdb","rules":"D:\\Documentos\\WorkSpace\\AndroidStudio\\LarFinancas\\database.rules.json"}]
[debug] [2021-04-26T02:37:57.166Z] Ignoring unsupported arg: projectId {"metadata":{"emulator":{"name":"database"},"message":"Ignoring unsupported arg: projectId"}}
[debug] [2021-04-26T02:37:57.167Z] Ignoring unsupported arg: auto_download {"metadata":{"emulator":{"name":"database"},"message":"Ignoring unsupported arg: auto_download"}}
[debug] [2021-04-26T02:37:57.168Z] Ignoring unsupported arg: rules {"metadata":{"emulator":{"name":"database"},"message":"Ignoring unsupported arg: rules"}}
[debug] [2021-04-26T02:37:57.168Z] Starting Database Emulator with command {"binary":"java","args":["-Duser.language=en","-jar","C:\\Users\\andre\\.cache\\firebase\\emulators\\firebase-database-emulator-v4.7.2.jar","--host","localhost","--port",9000],"optionalArgs":["port","host","functions_emulator_port","functions_emulator_host"],"joinArgs":false} {"metadata":{"emulator":{"name":"database"},"message":"Starting Database Emulator with command {\"binary\":\"java\",\"args\":[\"-Duser.language=en\",\"-jar\",\"C:\\\\Users\\\\andre\\\\.cache\\\\firebase\\\\emulators\\\\firebase-database-emulator-v4.7.2.jar\",\"--host\",\"localhost\",\"--port\",9000],\"optionalArgs\":[\"port\",\"host\",\"functions_emulator_port\",\"functions_emulator_host\"],\"joinArgs\":false}"}}
[info] i  database: Database Emulator logging to database-debug.log {"metadata":{"emulator":{"name":"database"},"message":"Database Emulator logging to \u001b[1mdatabase-debug.log\u001b[22m"}}
[debug] [2021-04-26T02:38:02.031Z] 23:38:02.027 [NamespaceSystem-akka.actor.default-dispatcher-4] INFO akka.event.slf4j.Slf4jLogger - Slf4jLogger started
 {"metadata":{"emulator":{"name":"database"},"message":"23:38:02.027 [NamespaceSystem-akka.actor.default-dispatcher-4] INFO akka.event.slf4j.Slf4jLogger - Slf4jLogger started\r\n"}}
[debug] [2021-04-26T02:38:02.309Z] 23:38:02.308 [main] INFO com.firebase.server.forge.App$ - Listening at localhost:9000
 {"metadata":{"emulator":{"name":"database"},"message":"23:38:02.308 [main] INFO com.firebase.server.forge.App$ - Listening at localhost:9000\r\n"}}
[debug] [2021-04-26T02:38:07.726Z] Ignoring unsupported arg: auto_download {"metadata":{"emulator":{"name":"ui"},"message":"Ignoring unsupported arg: auto_download"}}
[debug] [2021-04-26T02:38:07.726Z] Ignoring unsupported arg: port {"metadata":{"emulator":{"name":"ui"},"message":"Ignoring unsupported arg: port"}}
[debug] [2021-04-26T02:38:07.727Z] Starting Emulator UI with command {"binary":"node","args":["C:\\Users\\andre\\.cache\\firebase\\emulators\\ui-v1.4.2\\server.bundle.js"],"optionalArgs":[],"joinArgs":false} {"metadata":{"emulator":{"name":"ui"},"message":"Starting Emulator UI with command {\"binary\":\"node\",\"args\":[\"C:\\\\Users\\\\andre\\\\.cache\\\\firebase\\\\emulators\\\\ui-v1.4.2\\\\server.bundle.js\"],\"optionalArgs\":[],\"joinArgs\":false}"}}
[info] i  ui: Emulator UI logging to ui-debug.log {"metadata":{"emulator":{"name":"ui"},"message":"Emulator UI logging to \u001b[1mui-debug.log\u001b[22m"}}
[debug] [2021-04-26T02:38:08.097Z] Web / API server started at http://localhost:4000
 {"metadata":{"emulator":{"name":"ui"},"message":"Web / API server started at http://localhost:4000\n"}}
[debug] [2021-04-26T02:38:08.280Z] >>> HTTP REQUEST PUT http://localhost:9000/.settings/rules.json?ns=codelabs-5db0e-default-rtdb  
 {
  "rules": {
    "messages": {
      ".read": "auth.uid != null",
      ".write": "auth.uid != null"
    }
  }
}

[debug] [2021-04-26T02:38:09.429Z] <<< HTTP RESPONSE 200 {"content-length":"15","content-type":"application/json; charset=utf-8","access-control-allow-origin":"*","cache-control":"no-cache","x-firebase-project-id":"codelabs-5db0e-default-rtdb","x-firebase-project-number":"123456789","x-firebase-uuid":"b2ce5f60-6ec3-4ffd-9848-e2871f4b5eca"}
[info] 
┌─────────────────────────────────────────────────────────────┐
│ ✔  All emulators ready! It is now safe to connect your app. │
│ i  View Emulator UI at http://localhost:4000                │
└─────────────────────────────────────────────────────────────┘

┌────────────────┬────────────────┬────────────────────────────────┐
│ Emulator       │ Host:Port      │ View in Emulator UI            │
├────────────────┼────────────────┼────────────────────────────────┤
│ Authentication │ localhost:9099 │ http://localhost:4000/auth     │
├────────────────┼────────────────┼────────────────────────────────┤
│ Database       │ localhost:9000 │ http://localhost:4000/database │
└────────────────┴────────────────┴────────────────────────────────┘
  Emulator Hub running at localhost:4400
  Other reserved ports: 4500

Issues? Report them at https://github.com/firebase/firebase-tools/issues and attach the *-debug.log files.
 
